<html>
<head>
<title>TestNG:  Command line test</title>
<link href="../testng.css" rel="stylesheet" type="text/css" />
<link href="../my-testng.css" rel="stylesheet" type="text/css" />

<style type="text/css">
.log { display: none;} 
.stack-trace { display: none;} 
</style>
<script type="text/javascript">
<!--
function flip(e) {
  current = e.style.display;
  if (current == 'block') {
    e.style.display = 'none';
    return 0;
  }
  else {
    e.style.display = 'block';
    return 1;
  }
}

function toggleBox(szDivId, elem, msg1, msg2)
{
  var res = -1;  if (document.getElementById) {
    res = flip(document.getElementById(szDivId));
  }
  else if (document.all) {
    // this is the way old msie versions work
    res = flip(document.all[szDivId]);
  }
  if(elem) {
    if(res == 0) elem.innerHTML = msg1; else elem.innerHTML = msg2;
  }

}

function toggleAllBoxes() {
  if (document.getElementsByTagName) {
    d = document.getElementsByTagName('div');
    for (i = 0; i < d.length; i++) {
      if (d[i].className == 'log') {
        flip(d[i]);
      }
    }
  }
}

// -->
</script>

</head>
<body>
<h2 align='center'>Command line test</h2><table border='1' align="center">
<tr>
<td>Tests passed/Failed/Skipped:</td><td>81/0/0</td>
</tr><tr>
<td>Started on:</td><td>Mon Nov 20 19:22:57 CET 2017</td>
</tr>
<tr><td>Total time:</td><td>0 seconds (82 ms)</td>
</tr><tr>
<td>Included groups:</td><td></td>
</tr><tr>
<td>Excluded groups:</td><td></td>
</tr>
</table><p/>
<small><i>(Hover the method name to see the test class name)</i></small><p/>
<table width='100%' border='1' class='invocation-passed'>
<tr><td colspan='4' align='center'><b>PASSED TESTS</b></td></tr>
<tr><td><b>Test method</b></td>
<td width="30%"><b>Exception</b></td>
<td width="10%"><b>Time (seconds)</b></td>
<td><b>Instance</b></td>
</tr>
<tr>
<td title='gameManagement.moveManagement.MoveHistoryTest.testAddToArchive()'><b>testAddToArchive</b><br>Test class: gameManagement.moveManagement.MoveHistoryTest</td>
<td></td>
<td>0</td>
<td>gameManagement.moveManagement.MoveHistoryTest@1cd072a9</td></tr>
<tr>
<td title='gameManagement.RefereeTest.testCheckDiagonal()'><b>testCheckDiagonal</b><br>Test class: gameManagement.RefereeTest<br>Parameters: bartek</td>
<td></td>
<td>0</td>
<td>gameManagement.RefereeTest@7c75222b</td></tr>
<tr>
<td title='gameManagement.RefereeTest.testCheckDiagonal2()'><b>testCheckDiagonal2</b><br>Test class: gameManagement.RefereeTest<br>Parameters: bartek</td>
<td></td>
<td>0</td>
<td>gameManagement.RefereeTest@7c75222b</td></tr>
<tr>
<td title='gameManagement.RefereeTest.testCheckIfDraw()'><b>testCheckIfDraw</b><br>Test class: gameManagement.RefereeTest</td>
<td></td>
<td>0</td>
<td>gameManagement.RefereeTest@7c75222b</td></tr>
<tr>
<td title='gameManagement.validation.InputValidatorTest.testCheckIfTileTaken()'><b>testCheckIfTileTaken</b><br>Test class: gameManagement.validation.InputValidatorTest</td>
<td><div><pre>java.lang.IllegalArgumentException: The selected tile is already taken !
	at gameManagement.validation.InputValidator.checkIfTileTaken(InputValidator.java:40)
	at gameManagement.validation.InputValidatorTest.testCheckIfTileTaken(InputValidatorTest.java:70)
... Removed 34 stack frames</pre></div><a href='#' onClick='toggleBox("stack-trace2032251042", this, "Click to show all stack frames", "Click to hide stack frames")'>Click to show all stack frames</a>
<div class='stack-trace' id='stack-trace2032251042'><pre>java.lang.IllegalArgumentException: The selected tile is already taken !
	at gameManagement.validation.InputValidator.checkIfTileTaken(InputValidator.java:40)
	at gameManagement.validation.InputValidatorTest.testCheckIfTileTaken(InputValidatorTest.java:70)
	at sun.reflect.NativeMethodAccessorImpl.invoke0(Native Method)
	at sun.reflect.NativeMethodAccessorImpl.invoke(NativeMethodAccessorImpl.java:62)
	at sun.reflect.DelegatingMethodAccessorImpl.invoke(DelegatingMethodAccessorImpl.java:43)
	at java.lang.reflect.Method.invoke(Method.java:498)
	at org.testng.internal.MethodInvocationHelper.invokeMethod(MethodInvocationHelper.java:86)
	at org.testng.internal.Invoker.invokeMethod(Invoker.java:643)
	at org.testng.internal.Invoker.invokeTestMethod(Invoker.java:820)
	at org.testng.internal.Invoker.invokeTestMethods(Invoker.java:1128)
	at org.testng.internal.TestMethodWorker.invokeTestMethods(TestMethodWorker.java:129)
	at org.testng.internal.TestMethodWorker.run(TestMethodWorker.java:112)
	at org.testng.TestRunner.privateRun(TestRunner.java:782)
	at org.testng.TestRunner.run(TestRunner.java:632)
	at org.testng.SuiteRunner.runTest(SuiteRunner.java:366)
	at org.testng.SuiteRunner.runSequentially(SuiteRunner.java:361)
	at org.testng.SuiteRunner.privateRun(SuiteRunner.java:319)
	at org.testng.SuiteRunner.run(SuiteRunner.java:268)
	at org.testng.SuiteRunnerWorker.runSuite(SuiteRunnerWorker.java:52)
	at org.testng.SuiteRunnerWorker.run(SuiteRunnerWorker.java:86)
	at org.testng.TestNG.runSuitesSequentially(TestNG.java:1244)
	at org.testng.TestNG.runSuitesLocally(TestNG.java:1169)
	at org.testng.TestNG.run(TestNG.java:1064)
	at org.apache.maven.surefire.testng.TestNGExecutor.run(TestNGExecutor.java:77)
	at org.apache.maven.surefire.testng.TestNGDirectoryTestSuite.executeMulti(TestNGDirectoryTestSuite.java:159)
	at org.apache.maven.surefire.testng.TestNGDirectoryTestSuite.execute(TestNGDirectoryTestSuite.java:99)
	at org.apache.maven.surefire.testng.TestNGProvider.invoke(TestNGProvider.java:106)
	at sun.reflect.NativeMethodAccessorImpl.invoke0(Native Method)
	at sun.reflect.NativeMethodAccessorImpl.invoke(NativeMethodAccessorImpl.java:62)
	at sun.reflect.DelegatingMethodAccessorImpl.invoke(DelegatingMethodAccessorImpl.java:43)
	at java.lang.reflect.Method.invoke(Method.java:498)
	at org.apache.maven.surefire.util.ReflectionUtils.invokeMethodWithArray(ReflectionUtils.java:189)
	at org.apache.maven.surefire.booter.ProviderFactory$ProviderProxy.invoke(ProviderFactory.java:165)
	at org.apache.maven.surefire.booter.ProviderFactory.invokeProvider(ProviderFactory.java:85)
	at org.apache.maven.surefire.booter.ForkedBooter.runSuitesInProcess(ForkedBooter.java:115)
	at org.apache.maven.surefire.booter.ForkedBooter.main(ForkedBooter.java:75)
</pre></div></td>
<td>0</td>
<td>gameManagement.validation.InputValidatorTest@4c203ea1</td></tr>
<tr>
<td title='gameManagement.RefereeTest.testCheckIfWonHorizontally()'><b>testCheckIfWonHorizontally</b><br>Test class: gameManagement.RefereeTest<br>Parameters: bartek</td>
<td></td>
<td>0</td>
<td>gameManagement.RefereeTest@7c75222b</td></tr>
<tr>
<td title='gameManagement.RefereeTest.testCheckIfWonVertically()'><b>testCheckIfWonVertically</b><br>Test class: gameManagement.RefereeTest<br>Parameters: bartek</td>
<td></td>
<td>0</td>
<td>gameManagement.RefereeTest@7c75222b</td></tr>
<tr>
<td title='gameManagement.BoardTest.testClearBoard()'><b>testClearBoard</b><br>Test class: gameManagement.BoardTest<br>Parameters: 1, x</td>
<td></td>
<td>0</td>
<td>gameManagement.BoardTest@6bdf28bb</td></tr>
<tr>
<td title='gameManagement.BoardTest.testClearBoard()'><b>testClearBoard</b><br>Test class: gameManagement.BoardTest<br>Parameters: 2, x</td>
<td></td>
<td>0</td>
<td>gameManagement.BoardTest@6bdf28bb</td></tr>
<tr>
<td title='gameManagement.BoardTest.testClearBoard()'><b>testClearBoard</b><br>Test class: gameManagement.BoardTest<br>Parameters: 3, x</td>
<td></td>
<td>0</td>
<td>gameManagement.BoardTest@6bdf28bb</td></tr>
<tr>
<td title='gameManagement.BoardTest.testClearBoard()'><b>testClearBoard</b><br>Test class: gameManagement.BoardTest<br>Parameters: 4, x</td>
<td></td>
<td>0</td>
<td>gameManagement.BoardTest@6bdf28bb</td></tr>
<tr>
<td title='gameManagement.BoardTest.testClearBoard()'><b>testClearBoard</b><br>Test class: gameManagement.BoardTest<br>Parameters: 5, x</td>
<td></td>
<td>0</td>
<td>gameManagement.BoardTest@6bdf28bb</td></tr>
<tr>
<td title='gameManagement.BoardTest.testClearBoard()'><b>testClearBoard</b><br>Test class: gameManagement.BoardTest<br>Parameters: 6, x</td>
<td></td>
<td>0</td>
<td>gameManagement.BoardTest@6bdf28bb</td></tr>
<tr>
<td title='gameManagement.BoardTest.testClearBoard()'><b>testClearBoard</b><br>Test class: gameManagement.BoardTest<br>Parameters: 7, x</td>
<td></td>
<td>0</td>
<td>gameManagement.BoardTest@6bdf28bb</td></tr>
<tr>
<td title='gameManagement.BoardTest.testClearBoard()'><b>testClearBoard</b><br>Test class: gameManagement.BoardTest<br>Parameters: 8, x</td>
<td></td>
<td>0</td>
<td>gameManagement.BoardTest@6bdf28bb</td></tr>
<tr>
<td title='gameManagement.BoardTest.testClearBoard()'><b>testClearBoard</b><br>Test class: gameManagement.BoardTest<br>Parameters: 9, x</td>
<td></td>
<td>0</td>
<td>gameManagement.BoardTest@6bdf28bb</td></tr>
<tr>
<td title='gameManagement.BoardTest.testClearBoard()'><b>testClearBoard</b><br>Test class: gameManagement.BoardTest<br>Parameters: 10, x</td>
<td></td>
<td>0</td>
<td>gameManagement.BoardTest@6bdf28bb</td></tr>
<tr>
<td title='gameManagement.BoardTest.testClearBoard()'><b>testClearBoard</b><br>Test class: gameManagement.BoardTest<br>Parameters: 11, x</td>
<td></td>
<td>0</td>
<td>gameManagement.BoardTest@6bdf28bb</td></tr>
<tr>
<td title='gameManagement.BoardTest.testClearBoard()'><b>testClearBoard</b><br>Test class: gameManagement.BoardTest<br>Parameters: 12, x</td>
<td></td>
<td>0</td>
<td>gameManagement.BoardTest@6bdf28bb</td></tr>
<tr>
<td title='gameManagement.BoardTest.testClearBoard()'><b>testClearBoard</b><br>Test class: gameManagement.BoardTest<br>Parameters: 13, x</td>
<td></td>
<td>0</td>
<td>gameManagement.BoardTest@6bdf28bb</td></tr>
<tr>
<td title='gameManagement.BoardTest.testClearBoard()'><b>testClearBoard</b><br>Test class: gameManagement.BoardTest<br>Parameters: 14, x</td>
<td></td>
<td>0</td>
<td>gameManagement.BoardTest@6bdf28bb</td></tr>
<tr>
<td title='gameManagement.BoardTest.testClearBoard()'><b>testClearBoard</b><br>Test class: gameManagement.BoardTest<br>Parameters: 15, x</td>
<td></td>
<td>0</td>
<td>gameManagement.BoardTest@6bdf28bb</td></tr>
<tr>
<td title='gameManagement.BoardTest.testClearBoard()'><b>testClearBoard</b><br>Test class: gameManagement.BoardTest<br>Parameters: 16, x</td>
<td></td>
<td>0</td>
<td>gameManagement.BoardTest@6bdf28bb</td></tr>
<tr>
<td title='gameManagement.moveManagement.MoveFactoryTest.testCreateMove()'><b>testCreateMove</b><br>Test class: gameManagement.moveManagement.MoveFactoryTest</td>
<td></td>
<td>0</td>
<td>gameManagement.moveManagement.MoveFactoryTest@e580929</td></tr>
<tr>
<td title='gameManagement.BoardTest.testMarkTile()'><b>testMarkTile</b><br>Test class: gameManagement.BoardTest<br>Parameters: 1, x</td>
<td></td>
<td>0</td>
<td>gameManagement.BoardTest@6bdf28bb</td></tr>
<tr>
<td title='gameManagement.BoardTest.testMarkTile()'><b>testMarkTile</b><br>Test class: gameManagement.BoardTest<br>Parameters: 2, x</td>
<td></td>
<td>0</td>
<td>gameManagement.BoardTest@6bdf28bb</td></tr>
<tr>
<td title='gameManagement.BoardTest.testMarkTile()'><b>testMarkTile</b><br>Test class: gameManagement.BoardTest<br>Parameters: 3, x</td>
<td></td>
<td>0</td>
<td>gameManagement.BoardTest@6bdf28bb</td></tr>
<tr>
<td title='gameManagement.BoardTest.testMarkTile()'><b>testMarkTile</b><br>Test class: gameManagement.BoardTest<br>Parameters: 4, x</td>
<td></td>
<td>0</td>
<td>gameManagement.BoardTest@6bdf28bb</td></tr>
<tr>
<td title='gameManagement.BoardTest.testMarkTile()'><b>testMarkTile</b><br>Test class: gameManagement.BoardTest<br>Parameters: 5, x</td>
<td></td>
<td>0</td>
<td>gameManagement.BoardTest@6bdf28bb</td></tr>
<tr>
<td title='gameManagement.BoardTest.testMarkTile()'><b>testMarkTile</b><br>Test class: gameManagement.BoardTest<br>Parameters: 6, x</td>
<td></td>
<td>0</td>
<td>gameManagement.BoardTest@6bdf28bb</td></tr>
<tr>
<td title='gameManagement.BoardTest.testMarkTile()'><b>testMarkTile</b><br>Test class: gameManagement.BoardTest<br>Parameters: 7, x</td>
<td></td>
<td>0</td>
<td>gameManagement.BoardTest@6bdf28bb</td></tr>
<tr>
<td title='gameManagement.BoardTest.testMarkTile()'><b>testMarkTile</b><br>Test class: gameManagement.BoardTest<br>Parameters: 8, x</td>
<td></td>
<td>0</td>
<td>gameManagement.BoardTest@6bdf28bb</td></tr>
<tr>
<td title='gameManagement.BoardTest.testMarkTile()'><b>testMarkTile</b><br>Test class: gameManagement.BoardTest<br>Parameters: 9, x</td>
<td></td>
<td>0</td>
<td>gameManagement.BoardTest@6bdf28bb</td></tr>
<tr>
<td title='gameManagement.BoardTest.testMarkTile()'><b>testMarkTile</b><br>Test class: gameManagement.BoardTest<br>Parameters: 10, x</td>
<td></td>
<td>0</td>
<td>gameManagement.BoardTest@6bdf28bb</td></tr>
<tr>
<td title='gameManagement.BoardTest.testMarkTile()'><b>testMarkTile</b><br>Test class: gameManagement.BoardTest<br>Parameters: 11, x</td>
<td></td>
<td>0</td>
<td>gameManagement.BoardTest@6bdf28bb</td></tr>
<tr>
<td title='gameManagement.BoardTest.testMarkTile()'><b>testMarkTile</b><br>Test class: gameManagement.BoardTest<br>Parameters: 12, x</td>
<td></td>
<td>0</td>
<td>gameManagement.BoardTest@6bdf28bb</td></tr>
<tr>
<td title='gameManagement.BoardTest.testMarkTile()'><b>testMarkTile</b><br>Test class: gameManagement.BoardTest<br>Parameters: 13, x</td>
<td></td>
<td>0</td>
<td>gameManagement.BoardTest@6bdf28bb</td></tr>
<tr>
<td title='gameManagement.BoardTest.testMarkTile()'><b>testMarkTile</b><br>Test class: gameManagement.BoardTest<br>Parameters: 14, x</td>
<td></td>
<td>0</td>
<td>gameManagement.BoardTest@6bdf28bb</td></tr>
<tr>
<td title='gameManagement.BoardTest.testMarkTile()'><b>testMarkTile</b><br>Test class: gameManagement.BoardTest<br>Parameters: 15, x</td>
<td></td>
<td>0</td>
<td>gameManagement.BoardTest@6bdf28bb</td></tr>
<tr>
<td title='gameManagement.BoardTest.testMarkTile()'><b>testMarkTile</b><br>Test class: gameManagement.BoardTest<br>Parameters: 16, x</td>
<td></td>
<td>0</td>
<td>gameManagement.BoardTest@6bdf28bb</td></tr>
<tr>
<td title='gameManagement.BoardTest.testPopulateTheBoard()'><b>testPopulateTheBoard</b><br>Test class: gameManagement.BoardTest<br>Parameters: 1</td>
<td></td>
<td>0</td>
<td>gameManagement.BoardTest@6bdf28bb</td></tr>
<tr>
<td title='gameManagement.BoardTest.testPopulateTheBoard()'><b>testPopulateTheBoard</b><br>Test class: gameManagement.BoardTest<br>Parameters: 2</td>
<td></td>
<td>0</td>
<td>gameManagement.BoardTest@6bdf28bb</td></tr>
<tr>
<td title='gameManagement.BoardTest.testPopulateTheBoard()'><b>testPopulateTheBoard</b><br>Test class: gameManagement.BoardTest<br>Parameters: 3</td>
<td></td>
<td>0</td>
<td>gameManagement.BoardTest@6bdf28bb</td></tr>
<tr>
<td title='gameManagement.BoardTest.testPopulateTheBoard()'><b>testPopulateTheBoard</b><br>Test class: gameManagement.BoardTest<br>Parameters: 4</td>
<td></td>
<td>0</td>
<td>gameManagement.BoardTest@6bdf28bb</td></tr>
<tr>
<td title='gameManagement.BoardTest.testPopulateTheBoard()'><b>testPopulateTheBoard</b><br>Test class: gameManagement.BoardTest<br>Parameters: 5</td>
<td></td>
<td>0</td>
<td>gameManagement.BoardTest@6bdf28bb</td></tr>
<tr>
<td title='gameManagement.BoardTest.testPopulateTheBoard()'><b>testPopulateTheBoard</b><br>Test class: gameManagement.BoardTest<br>Parameters: 6</td>
<td></td>
<td>0</td>
<td>gameManagement.BoardTest@6bdf28bb</td></tr>
<tr>
<td title='gameManagement.BoardTest.testPopulateTheBoard()'><b>testPopulateTheBoard</b><br>Test class: gameManagement.BoardTest<br>Parameters: 7</td>
<td></td>
<td>0</td>
<td>gameManagement.BoardTest@6bdf28bb</td></tr>
<tr>
<td title='gameManagement.BoardTest.testPopulateTheBoard()'><b>testPopulateTheBoard</b><br>Test class: gameManagement.BoardTest<br>Parameters: 8</td>
<td></td>
<td>0</td>
<td>gameManagement.BoardTest@6bdf28bb</td></tr>
<tr>
<td title='gameManagement.BoardTest.testPopulateTheBoard()'><b>testPopulateTheBoard</b><br>Test class: gameManagement.BoardTest<br>Parameters: 9</td>
<td></td>
<td>0</td>
<td>gameManagement.BoardTest@6bdf28bb</td></tr>
<tr>
<td title='gameManagement.BoardTest.testPopulateTheBoard()'><b>testPopulateTheBoard</b><br>Test class: gameManagement.BoardTest<br>Parameters: 10</td>
<td></td>
<td>0</td>
<td>gameManagement.BoardTest@6bdf28bb</td></tr>
<tr>
<td title='gameManagement.BoardTest.testPopulateTheBoard()'><b>testPopulateTheBoard</b><br>Test class: gameManagement.BoardTest<br>Parameters: 11</td>
<td></td>
<td>0</td>
<td>gameManagement.BoardTest@6bdf28bb</td></tr>
<tr>
<td title='gameManagement.BoardTest.testPopulateTheBoard()'><b>testPopulateTheBoard</b><br>Test class: gameManagement.BoardTest<br>Parameters: 12</td>
<td></td>
<td>0</td>
<td>gameManagement.BoardTest@6bdf28bb</td></tr>
<tr>
<td title='gameManagement.BoardTest.testPopulateTheBoard()'><b>testPopulateTheBoard</b><br>Test class: gameManagement.BoardTest<br>Parameters: 13</td>
<td></td>
<td>0</td>
<td>gameManagement.BoardTest@6bdf28bb</td></tr>
<tr>
<td title='gameManagement.BoardTest.testPopulateTheBoard()'><b>testPopulateTheBoard</b><br>Test class: gameManagement.BoardTest<br>Parameters: 14</td>
<td></td>
<td>0</td>
<td>gameManagement.BoardTest@6bdf28bb</td></tr>
<tr>
<td title='gameManagement.BoardTest.testPopulateTheBoard()'><b>testPopulateTheBoard</b><br>Test class: gameManagement.BoardTest<br>Parameters: 15</td>
<td></td>
<td>0</td>
<td>gameManagement.BoardTest@6bdf28bb</td></tr>
<tr>
<td title='gameManagement.BoardTest.testPopulateTheBoard()'><b>testPopulateTheBoard</b><br>Test class: gameManagement.BoardTest<br>Parameters: 16</td>
<td></td>
<td>0</td>
<td>gameManagement.BoardTest@6bdf28bb</td></tr>
<tr>
<td title='gameManagement.validation.InputValidatorTest.testValidateAdjacentSignsToWin()'><b>testValidateAdjacentSignsToWin</b><br>Test class: gameManagement.validation.InputValidatorTest</td>
<td></td>
<td>0</td>
<td>gameManagement.validation.InputValidatorTest@4c203ea1</td></tr>
<tr>
<td title='gameManagement.validation.InputValidatorTest.testValidateBoardDimensions()'><b>testValidateBoardDimensions</b><br>Test class: gameManagement.validation.InputValidatorTest</td>
<td></td>
<td>0</td>
<td>gameManagement.validation.InputValidatorTest@4c203ea1</td></tr>
<tr>
<td title='gameManagement.validation.InputValidatorTest.testValidateMove()'><b>testValidateMove</b><br>Test class: gameManagement.validation.InputValidatorTest<br>Parameters: -5</td>
<td><div><pre>java.lang.IndexOutOfBoundsException: The provided number is outside the board ! 
	at gameManagement.validation.InputValidator.validateMove(InputValidator.java:31)
	at gameManagement.validation.InputValidatorTest.testValidateMove(InputValidatorTest.java:63)
... Removed 34 stack frames</pre></div><a href='#' onClick='toggleBox("stack-trace1547425104", this, "Click to show all stack frames", "Click to hide stack frames")'>Click to show all stack frames</a>
<div class='stack-trace' id='stack-trace1547425104'><pre>java.lang.IndexOutOfBoundsException: The provided number is outside the board ! 
	at gameManagement.validation.InputValidator.validateMove(InputValidator.java:31)
	at gameManagement.validation.InputValidatorTest.testValidateMove(InputValidatorTest.java:63)
	at sun.reflect.NativeMethodAccessorImpl.invoke0(Native Method)
	at sun.reflect.NativeMethodAccessorImpl.invoke(NativeMethodAccessorImpl.java:62)
	at sun.reflect.DelegatingMethodAccessorImpl.invoke(DelegatingMethodAccessorImpl.java:43)
	at java.lang.reflect.Method.invoke(Method.java:498)
	at org.testng.internal.MethodInvocationHelper.invokeMethod(MethodInvocationHelper.java:86)
	at org.testng.internal.Invoker.invokeMethod(Invoker.java:643)
	at org.testng.internal.Invoker.invokeTestMethod(Invoker.java:820)
	at org.testng.internal.Invoker.invokeTestMethods(Invoker.java:1128)
	at org.testng.internal.TestMethodWorker.invokeTestMethods(TestMethodWorker.java:129)
	at org.testng.internal.TestMethodWorker.run(TestMethodWorker.java:112)
	at org.testng.TestRunner.privateRun(TestRunner.java:782)
	at org.testng.TestRunner.run(TestRunner.java:632)
	at org.testng.SuiteRunner.runTest(SuiteRunner.java:366)
	at org.testng.SuiteRunner.runSequentially(SuiteRunner.java:361)
	at org.testng.SuiteRunner.privateRun(SuiteRunner.java:319)
	at org.testng.SuiteRunner.run(SuiteRunner.java:268)
	at org.testng.SuiteRunnerWorker.runSuite(SuiteRunnerWorker.java:52)
	at org.testng.SuiteRunnerWorker.run(SuiteRunnerWorker.java:86)
	at org.testng.TestNG.runSuitesSequentially(TestNG.java:1244)
	at org.testng.TestNG.runSuitesLocally(TestNG.java:1169)
	at org.testng.TestNG.run(TestNG.java:1064)
	at org.apache.maven.surefire.testng.TestNGExecutor.run(TestNGExecutor.java:77)
	at org.apache.maven.surefire.testng.TestNGDirectoryTestSuite.executeMulti(TestNGDirectoryTestSuite.java:159)
	at org.apache.maven.surefire.testng.TestNGDirectoryTestSuite.execute(TestNGDirectoryTestSuite.java:99)
	at org.apache.maven.surefire.testng.TestNGProvider.invoke(TestNGProvider.java:106)
	at sun.reflect.NativeMethodAccessorImpl.invoke0(Native Method)
	at sun.reflect.NativeMethodAccessorImpl.invoke(NativeMethodAccessorImpl.java:62)
	at sun.reflect.DelegatingMethodAccessorImpl.invoke(DelegatingMethodAccessorImpl.java:43)
	at java.lang.reflect.Method.invoke(Method.java:498)
	at org.apache.maven.surefire.util.ReflectionUtils.invokeMethodWithArray(ReflectionUtils.java:189)
	at org.apache.maven.surefire.booter.ProviderFactory$ProviderProxy.invoke(ProviderFactory.java:165)
	at org.apache.maven.surefire.booter.ProviderFactory.invokeProvider(ProviderFactory.java:85)
	at org.apache.maven.surefire.booter.ForkedBooter.runSuitesInProcess(ForkedBooter.java:115)
	at org.apache.maven.surefire.booter.ForkedBooter.main(ForkedBooter.java:75)
</pre></div></td>
<td>0</td>
<td>gameManagement.validation.InputValidatorTest@4c203ea1</td></tr>
<tr>
<td title='gameManagement.validation.InputValidatorTest.testValidateMove()'><b>testValidateMove</b><br>Test class: gameManagement.validation.InputValidatorTest<br>Parameters: -234</td>
<td><div><pre>java.lang.IndexOutOfBoundsException: The provided number is outside the board ! 
	at gameManagement.validation.InputValidator.validateMove(InputValidator.java:31)
	at gameManagement.validation.InputValidatorTest.testValidateMove(InputValidatorTest.java:63)
... Removed 34 stack frames</pre></div><a href='#' onClick='toggleBox("stack-trace152134087", this, "Click to show all stack frames", "Click to hide stack frames")'>Click to show all stack frames</a>
<div class='stack-trace' id='stack-trace152134087'><pre>java.lang.IndexOutOfBoundsException: The provided number is outside the board ! 
	at gameManagement.validation.InputValidator.validateMove(InputValidator.java:31)
	at gameManagement.validation.InputValidatorTest.testValidateMove(InputValidatorTest.java:63)
	at sun.reflect.NativeMethodAccessorImpl.invoke0(Native Method)
	at sun.reflect.NativeMethodAccessorImpl.invoke(NativeMethodAccessorImpl.java:62)
	at sun.reflect.DelegatingMethodAccessorImpl.invoke(DelegatingMethodAccessorImpl.java:43)
	at java.lang.reflect.Method.invoke(Method.java:498)
	at org.testng.internal.MethodInvocationHelper.invokeMethod(MethodInvocationHelper.java:86)
	at org.testng.internal.Invoker.invokeMethod(Invoker.java:643)
	at org.testng.internal.Invoker.invokeTestMethod(Invoker.java:820)
	at org.testng.internal.Invoker.invokeTestMethods(Invoker.java:1128)
	at org.testng.internal.TestMethodWorker.invokeTestMethods(TestMethodWorker.java:129)
	at org.testng.internal.TestMethodWorker.run(TestMethodWorker.java:112)
	at org.testng.TestRunner.privateRun(TestRunner.java:782)
	at org.testng.TestRunner.run(TestRunner.java:632)
	at org.testng.SuiteRunner.runTest(SuiteRunner.java:366)
	at org.testng.SuiteRunner.runSequentially(SuiteRunner.java:361)
	at org.testng.SuiteRunner.privateRun(SuiteRunner.java:319)
	at org.testng.SuiteRunner.run(SuiteRunner.java:268)
	at org.testng.SuiteRunnerWorker.runSuite(SuiteRunnerWorker.java:52)
	at org.testng.SuiteRunnerWorker.run(SuiteRunnerWorker.java:86)
	at org.testng.TestNG.runSuitesSequentially(TestNG.java:1244)
	at org.testng.TestNG.runSuitesLocally(TestNG.java:1169)
	at org.testng.TestNG.run(TestNG.java:1064)
	at org.apache.maven.surefire.testng.TestNGExecutor.run(TestNGExecutor.java:77)
	at org.apache.maven.surefire.testng.TestNGDirectoryTestSuite.executeMulti(TestNGDirectoryTestSuite.java:159)
	at org.apache.maven.surefire.testng.TestNGDirectoryTestSuite.execute(TestNGDirectoryTestSuite.java:99)
	at org.apache.maven.surefire.testng.TestNGProvider.invoke(TestNGProvider.java:106)
	at sun.reflect.NativeMethodAccessorImpl.invoke0(Native Method)
	at sun.reflect.NativeMethodAccessorImpl.invoke(NativeMethodAccessorImpl.java:62)
	at sun.reflect.DelegatingMethodAccessorImpl.invoke(DelegatingMethodAccessorImpl.java:43)
	at java.lang.reflect.Method.invoke(Method.java:498)
	at org.apache.maven.surefire.util.ReflectionUtils.invokeMethodWithArray(ReflectionUtils.java:189)
	at org.apache.maven.surefire.booter.ProviderFactory$ProviderProxy.invoke(ProviderFactory.java:165)
	at org.apache.maven.surefire.booter.ProviderFactory.invokeProvider(ProviderFactory.java:85)
	at org.apache.maven.surefire.booter.ForkedBooter.runSuitesInProcess(ForkedBooter.java:115)
	at org.apache.maven.surefire.booter.ForkedBooter.main(ForkedBooter.java:75)
</pre></div></td>
<td>0</td>
<td>gameManagement.validation.InputValidatorTest@4c203ea1</td></tr>
<tr>
<td title='gameManagement.validation.InputValidatorTest.testValidateMove()'><b>testValidateMove</b><br>Test class: gameManagement.validation.InputValidatorTest<br>Parameters: 3405678</td>
<td><div><pre>java.lang.IndexOutOfBoundsException: The provided number is outside the board ! 
	at gameManagement.validation.InputValidator.validateMove(InputValidator.java:31)
	at gameManagement.validation.InputValidatorTest.testValidateMove(InputValidatorTest.java:63)
... Removed 34 stack frames</pre></div><a href='#' onClick='toggleBox("stack-trace1615780336", this, "Click to show all stack frames", "Click to hide stack frames")'>Click to show all stack frames</a>
<div class='stack-trace' id='stack-trace1615780336'><pre>java.lang.IndexOutOfBoundsException: The provided number is outside the board ! 
	at gameManagement.validation.InputValidator.validateMove(InputValidator.java:31)
	at gameManagement.validation.InputValidatorTest.testValidateMove(InputValidatorTest.java:63)
	at sun.reflect.NativeMethodAccessorImpl.invoke0(Native Method)
	at sun.reflect.NativeMethodAccessorImpl.invoke(NativeMethodAccessorImpl.java:62)
	at sun.reflect.DelegatingMethodAccessorImpl.invoke(DelegatingMethodAccessorImpl.java:43)
	at java.lang.reflect.Method.invoke(Method.java:498)
	at org.testng.internal.MethodInvocationHelper.invokeMethod(MethodInvocationHelper.java:86)
	at org.testng.internal.Invoker.invokeMethod(Invoker.java:643)
	at org.testng.internal.Invoker.invokeTestMethod(Invoker.java:820)
	at org.testng.internal.Invoker.invokeTestMethods(Invoker.java:1128)
	at org.testng.internal.TestMethodWorker.invokeTestMethods(TestMethodWorker.java:129)
	at org.testng.internal.TestMethodWorker.run(TestMethodWorker.java:112)
	at org.testng.TestRunner.privateRun(TestRunner.java:782)
	at org.testng.TestRunner.run(TestRunner.java:632)
	at org.testng.SuiteRunner.runTest(SuiteRunner.java:366)
	at org.testng.SuiteRunner.runSequentially(SuiteRunner.java:361)
	at org.testng.SuiteRunner.privateRun(SuiteRunner.java:319)
	at org.testng.SuiteRunner.run(SuiteRunner.java:268)
	at org.testng.SuiteRunnerWorker.runSuite(SuiteRunnerWorker.java:52)
	at org.testng.SuiteRunnerWorker.run(SuiteRunnerWorker.java:86)
	at org.testng.TestNG.runSuitesSequentially(TestNG.java:1244)
	at org.testng.TestNG.runSuitesLocally(TestNG.java:1169)
	at org.testng.TestNG.run(TestNG.java:1064)
	at org.apache.maven.surefire.testng.TestNGExecutor.run(TestNGExecutor.java:77)
	at org.apache.maven.surefire.testng.TestNGDirectoryTestSuite.executeMulti(TestNGDirectoryTestSuite.java:159)
	at org.apache.maven.surefire.testng.TestNGDirectoryTestSuite.execute(TestNGDirectoryTestSuite.java:99)
	at org.apache.maven.surefire.testng.TestNGProvider.invoke(TestNGProvider.java:106)
	at sun.reflect.NativeMethodAccessorImpl.invoke0(Native Method)
	at sun.reflect.NativeMethodAccessorImpl.invoke(NativeMethodAccessorImpl.java:62)
	at sun.reflect.DelegatingMethodAccessorImpl.invoke(DelegatingMethodAccessorImpl.java:43)
	at java.lang.reflect.Method.invoke(Method.java:498)
	at org.apache.maven.surefire.util.ReflectionUtils.invokeMethodWithArray(ReflectionUtils.java:189)
	at org.apache.maven.surefire.booter.ProviderFactory$ProviderProxy.invoke(ProviderFactory.java:165)
	at org.apache.maven.surefire.booter.ProviderFactory.invokeProvider(ProviderFactory.java:85)
	at org.apache.maven.surefire.booter.ForkedBooter.runSuitesInProcess(ForkedBooter.java:115)
	at org.apache.maven.surefire.booter.ForkedBooter.main(ForkedBooter.java:75)
</pre></div></td>
<td>0</td>
<td>gameManagement.validation.InputValidatorTest@4c203ea1</td></tr>
<tr>
<td title='gameManagement.validation.InputValidatorTest.testValidateMove()'><b>testValidateMove</b><br>Test class: gameManagement.validation.InputValidatorTest<br>Parameters: -17</td>
<td><div><pre>java.lang.IndexOutOfBoundsException: The provided number is outside the board ! 
	at gameManagement.validation.InputValidator.validateMove(InputValidator.java:31)
	at gameManagement.validation.InputValidatorTest.testValidateMove(InputValidatorTest.java:63)
... Removed 34 stack frames</pre></div><a href='#' onClick='toggleBox("stack-trace1783593083", this, "Click to show all stack frames", "Click to hide stack frames")'>Click to show all stack frames</a>
<div class='stack-trace' id='stack-trace1783593083'><pre>java.lang.IndexOutOfBoundsException: The provided number is outside the board ! 
	at gameManagement.validation.InputValidator.validateMove(InputValidator.java:31)
	at gameManagement.validation.InputValidatorTest.testValidateMove(InputValidatorTest.java:63)
	at sun.reflect.NativeMethodAccessorImpl.invoke0(Native Method)
	at sun.reflect.NativeMethodAccessorImpl.invoke(NativeMethodAccessorImpl.java:62)
	at sun.reflect.DelegatingMethodAccessorImpl.invoke(DelegatingMethodAccessorImpl.java:43)
	at java.lang.reflect.Method.invoke(Method.java:498)
	at org.testng.internal.MethodInvocationHelper.invokeMethod(MethodInvocationHelper.java:86)
	at org.testng.internal.Invoker.invokeMethod(Invoker.java:643)
	at org.testng.internal.Invoker.invokeTestMethod(Invoker.java:820)
	at org.testng.internal.Invoker.invokeTestMethods(Invoker.java:1128)
	at org.testng.internal.TestMethodWorker.invokeTestMethods(TestMethodWorker.java:129)
	at org.testng.internal.TestMethodWorker.run(TestMethodWorker.java:112)
	at org.testng.TestRunner.privateRun(TestRunner.java:782)
	at org.testng.TestRunner.run(TestRunner.java:632)
	at org.testng.SuiteRunner.runTest(SuiteRunner.java:366)
	at org.testng.SuiteRunner.runSequentially(SuiteRunner.java:361)
	at org.testng.SuiteRunner.privateRun(SuiteRunner.java:319)
	at org.testng.SuiteRunner.run(SuiteRunner.java:268)
	at org.testng.SuiteRunnerWorker.runSuite(SuiteRunnerWorker.java:52)
	at org.testng.SuiteRunnerWorker.run(SuiteRunnerWorker.java:86)
	at org.testng.TestNG.runSuitesSequentially(TestNG.java:1244)
	at org.testng.TestNG.runSuitesLocally(TestNG.java:1169)
	at org.testng.TestNG.run(TestNG.java:1064)
	at org.apache.maven.surefire.testng.TestNGExecutor.run(TestNGExecutor.java:77)
	at org.apache.maven.surefire.testng.TestNGDirectoryTestSuite.executeMulti(TestNGDirectoryTestSuite.java:159)
	at org.apache.maven.surefire.testng.TestNGDirectoryTestSuite.execute(TestNGDirectoryTestSuite.java:99)
	at org.apache.maven.surefire.testng.TestNGProvider.invoke(TestNGProvider.java:106)
	at sun.reflect.NativeMethodAccessorImpl.invoke0(Native Method)
	at sun.reflect.NativeMethodAccessorImpl.invoke(NativeMethodAccessorImpl.java:62)
	at sun.reflect.DelegatingMethodAccessorImpl.invoke(DelegatingMethodAccessorImpl.java:43)
	at java.lang.reflect.Method.invoke(Method.java:498)
	at org.apache.maven.surefire.util.ReflectionUtils.invokeMethodWithArray(ReflectionUtils.java:189)
	at org.apache.maven.surefire.booter.ProviderFactory$ProviderProxy.invoke(ProviderFactory.java:165)
	at org.apache.maven.surefire.booter.ProviderFactory.invokeProvider(ProviderFactory.java:85)
	at org.apache.maven.surefire.booter.ForkedBooter.runSuitesInProcess(ForkedBooter.java:115)
	at org.apache.maven.surefire.booter.ForkedBooter.main(ForkedBooter.java:75)
</pre></div></td>
<td>0</td>
<td>gameManagement.validation.InputValidatorTest@4c203ea1</td></tr>
<tr>
<td title='gameManagement.validation.InputValidatorTest.testValidateMove()'><b>testValidateMove</b><br>Test class: gameManagement.validation.InputValidatorTest<br>Parameters: 200000</td>
<td><div><pre>java.lang.IndexOutOfBoundsException: The provided number is outside the board ! 
	at gameManagement.validation.InputValidator.validateMove(InputValidator.java:31)
	at gameManagement.validation.InputValidatorTest.testValidateMove(InputValidatorTest.java:63)
... Removed 34 stack frames</pre></div><a href='#' onClick='toggleBox("stack-trace1750905143", this, "Click to show all stack frames", "Click to hide stack frames")'>Click to show all stack frames</a>
<div class='stack-trace' id='stack-trace1750905143'><pre>java.lang.IndexOutOfBoundsException: The provided number is outside the board ! 
	at gameManagement.validation.InputValidator.validateMove(InputValidator.java:31)
	at gameManagement.validation.InputValidatorTest.testValidateMove(InputValidatorTest.java:63)
	at sun.reflect.NativeMethodAccessorImpl.invoke0(Native Method)
	at sun.reflect.NativeMethodAccessorImpl.invoke(NativeMethodAccessorImpl.java:62)
	at sun.reflect.DelegatingMethodAccessorImpl.invoke(DelegatingMethodAccessorImpl.java:43)
	at java.lang.reflect.Method.invoke(Method.java:498)
	at org.testng.internal.MethodInvocationHelper.invokeMethod(MethodInvocationHelper.java:86)
	at org.testng.internal.Invoker.invokeMethod(Invoker.java:643)
	at org.testng.internal.Invoker.invokeTestMethod(Invoker.java:820)
	at org.testng.internal.Invoker.invokeTestMethods(Invoker.java:1128)
	at org.testng.internal.TestMethodWorker.invokeTestMethods(TestMethodWorker.java:129)
	at org.testng.internal.TestMethodWorker.run(TestMethodWorker.java:112)
	at org.testng.TestRunner.privateRun(TestRunner.java:782)
	at org.testng.TestRunner.run(TestRunner.java:632)
	at org.testng.SuiteRunner.runTest(SuiteRunner.java:366)
	at org.testng.SuiteRunner.runSequentially(SuiteRunner.java:361)
	at org.testng.SuiteRunner.privateRun(SuiteRunner.java:319)
	at org.testng.SuiteRunner.run(SuiteRunner.java:268)
	at org.testng.SuiteRunnerWorker.runSuite(SuiteRunnerWorker.java:52)
	at org.testng.SuiteRunnerWorker.run(SuiteRunnerWorker.java:86)
	at org.testng.TestNG.runSuitesSequentially(TestNG.java:1244)
	at org.testng.TestNG.runSuitesLocally(TestNG.java:1169)
	at org.testng.TestNG.run(TestNG.java:1064)
	at org.apache.maven.surefire.testng.TestNGExecutor.run(TestNGExecutor.java:77)
	at org.apache.maven.surefire.testng.TestNGDirectoryTestSuite.executeMulti(TestNGDirectoryTestSuite.java:159)
	at org.apache.maven.surefire.testng.TestNGDirectoryTestSuite.execute(TestNGDirectoryTestSuite.java:99)
	at org.apache.maven.surefire.testng.TestNGProvider.invoke(TestNGProvider.java:106)
	at sun.reflect.NativeMethodAccessorImpl.invoke0(Native Method)
	at sun.reflect.NativeMethodAccessorImpl.invoke(NativeMethodAccessorImpl.java:62)
	at sun.reflect.DelegatingMethodAccessorImpl.invoke(DelegatingMethodAccessorImpl.java:43)
	at java.lang.reflect.Method.invoke(Method.java:498)
	at org.apache.maven.surefire.util.ReflectionUtils.invokeMethodWithArray(ReflectionUtils.java:189)
	at org.apache.maven.surefire.booter.ProviderFactory$ProviderProxy.invoke(ProviderFactory.java:165)
	at org.apache.maven.surefire.booter.ProviderFactory.invokeProvider(ProviderFactory.java:85)
	at org.apache.maven.surefire.booter.ForkedBooter.runSuitesInProcess(ForkedBooter.java:115)
	at org.apache.maven.surefire.booter.ForkedBooter.main(ForkedBooter.java:75)
</pre></div></td>
<td>0</td>
<td>gameManagement.validation.InputValidatorTest@4c203ea1</td></tr>
<tr>
<td title='gameManagement.validation.InputValidatorTest.testValidateMove()'><b>testValidateMove</b><br>Test class: gameManagement.validation.InputValidatorTest<br>Parameters: -500</td>
<td><div><pre>java.lang.IndexOutOfBoundsException: The provided number is outside the board ! 
	at gameManagement.validation.InputValidator.validateMove(InputValidator.java:31)
	at gameManagement.validation.InputValidatorTest.testValidateMove(InputValidatorTest.java:63)
... Removed 34 stack frames</pre></div><a href='#' onClick='toggleBox("stack-trace1782704802", this, "Click to show all stack frames", "Click to hide stack frames")'>Click to show all stack frames</a>
<div class='stack-trace' id='stack-trace1782704802'><pre>java.lang.IndexOutOfBoundsException: The provided number is outside the board ! 
	at gameManagement.validation.InputValidator.validateMove(InputValidator.java:31)
	at gameManagement.validation.InputValidatorTest.testValidateMove(InputValidatorTest.java:63)
	at sun.reflect.NativeMethodAccessorImpl.invoke0(Native Method)
	at sun.reflect.NativeMethodAccessorImpl.invoke(NativeMethodAccessorImpl.java:62)
	at sun.reflect.DelegatingMethodAccessorImpl.invoke(DelegatingMethodAccessorImpl.java:43)
	at java.lang.reflect.Method.invoke(Method.java:498)
	at org.testng.internal.MethodInvocationHelper.invokeMethod(MethodInvocationHelper.java:86)
	at org.testng.internal.Invoker.invokeMethod(Invoker.java:643)
	at org.testng.internal.Invoker.invokeTestMethod(Invoker.java:820)
	at org.testng.internal.Invoker.invokeTestMethods(Invoker.java:1128)
	at org.testng.internal.TestMethodWorker.invokeTestMethods(TestMethodWorker.java:129)
	at org.testng.internal.TestMethodWorker.run(TestMethodWorker.java:112)
	at org.testng.TestRunner.privateRun(TestRunner.java:782)
	at org.testng.TestRunner.run(TestRunner.java:632)
	at org.testng.SuiteRunner.runTest(SuiteRunner.java:366)
	at org.testng.SuiteRunner.runSequentially(SuiteRunner.java:361)
	at org.testng.SuiteRunner.privateRun(SuiteRunner.java:319)
	at org.testng.SuiteRunner.run(SuiteRunner.java:268)
	at org.testng.SuiteRunnerWorker.runSuite(SuiteRunnerWorker.java:52)
	at org.testng.SuiteRunnerWorker.run(SuiteRunnerWorker.java:86)
	at org.testng.TestNG.runSuitesSequentially(TestNG.java:1244)
	at org.testng.TestNG.runSuitesLocally(TestNG.java:1169)
	at org.testng.TestNG.run(TestNG.java:1064)
	at org.apache.maven.surefire.testng.TestNGExecutor.run(TestNGExecutor.java:77)
	at org.apache.maven.surefire.testng.TestNGDirectoryTestSuite.executeMulti(TestNGDirectoryTestSuite.java:159)
	at org.apache.maven.surefire.testng.TestNGDirectoryTestSuite.execute(TestNGDirectoryTestSuite.java:99)
	at org.apache.maven.surefire.testng.TestNGProvider.invoke(TestNGProvider.java:106)
	at sun.reflect.NativeMethodAccessorImpl.invoke0(Native Method)
	at sun.reflect.NativeMethodAccessorImpl.invoke(NativeMethodAccessorImpl.java:62)
	at sun.reflect.DelegatingMethodAccessorImpl.invoke(DelegatingMethodAccessorImpl.java:43)
	at java.lang.reflect.Method.invoke(Method.java:498)
	at org.apache.maven.surefire.util.ReflectionUtils.invokeMethodWithArray(ReflectionUtils.java:189)
	at org.apache.maven.surefire.booter.ProviderFactory$ProviderProxy.invoke(ProviderFactory.java:165)
	at org.apache.maven.surefire.booter.ProviderFactory.invokeProvider(ProviderFactory.java:85)
	at org.apache.maven.surefire.booter.ForkedBooter.runSuitesInProcess(ForkedBooter.java:115)
	at org.apache.maven.surefire.booter.ForkedBooter.main(ForkedBooter.java:75)
</pre></div></td>
<td>0</td>
<td>gameManagement.validation.InputValidatorTest@4c203ea1</td></tr>
<tr>
<td title='gameManagement.validation.InputValidatorTest.testValidatePlayerNameFalse()'><b>testValidatePlayerNameFalse</b><br>Test class: gameManagement.validation.InputValidatorTest<br>Parameters: fdfs_ffsdf fds</td>
<td></td>
<td>0</td>
<td>gameManagement.validation.InputValidatorTest@4c203ea1</td></tr>
<tr>
<td title='gameManagement.validation.InputValidatorTest.testValidatePlayerNameFalse()'><b>testValidatePlayerNameFalse</b><br>Test class: gameManagement.validation.InputValidatorTest<br>Parameters: $</td>
<td></td>
<td>0</td>
<td>gameManagement.validation.InputValidatorTest@4c203ea1</td></tr>
<tr>
<td title='gameManagement.validation.InputValidatorTest.testValidatePlayerNameFalse()'><b>testValidatePlayerNameFalse</b><br>Test class: gameManagement.validation.InputValidatorTest<br>Parameters: (</td>
<td></td>
<td>0</td>
<td>gameManagement.validation.InputValidatorTest@4c203ea1</td></tr>
<tr>
<td title='gameManagement.validation.InputValidatorTest.testValidatePlayerNameFalse()'><b>testValidatePlayerNameFalse</b><br>Test class: gameManagement.validation.InputValidatorTest<br>Parameters: %</td>
<td></td>
<td>0</td>
<td>gameManagement.validation.InputValidatorTest@4c203ea1</td></tr>
<tr>
<td title='gameManagement.validation.InputValidatorTest.testValidatePlayerNameFalse()'><b>testValidatePlayerNameFalse</b><br>Test class: gameManagement.validation.InputValidatorTest<br>Parameters: fd@ffds^fdfd</td>
<td></td>
<td>0</td>
<td>gameManagement.validation.InputValidatorTest@4c203ea1</td></tr>
<tr>
<td title='gameManagement.validation.InputValidatorTest.testValidatePlayerNameFalse()'><b>testValidatePlayerNameFalse</b><br>Test class: gameManagement.validation.InputValidatorTest<br>Parameters: fdsfs 34</td>
<td></td>
<td>0</td>
<td>gameManagement.validation.InputValidatorTest@4c203ea1</td></tr>
<tr>
<td title='gameManagement.validation.InputValidatorTest.testValidatePlayerNameFalse()'><b>testValidatePlayerNameFalse</b><br>Test class: gameManagement.validation.InputValidatorTest<br>Parameters: gfdg- 4</td>
<td></td>
<td>0</td>
<td>gameManagement.validation.InputValidatorTest@4c203ea1</td></tr>
<tr>
<td title='gameManagement.validation.InputValidatorTest.testValidatePlayerNameFalse()'><b>testValidatePlayerNameFalse</b><br>Test class: gameManagement.validation.InputValidatorTest<br>Parameters: -32</td>
<td></td>
<td>0</td>
<td>gameManagement.validation.InputValidatorTest@4c203ea1</td></tr>
<tr>
<td title='gameManagement.validation.InputValidatorTest.testValidatePlayerNameFalse()'><b>testValidatePlayerNameFalse</b><br>Test class: gameManagement.validation.InputValidatorTest<br>Parameters: fsdf/fdsf</td>
<td></td>
<td>0</td>
<td>gameManagement.validation.InputValidatorTest@4c203ea1</td></tr>
<tr>
<td title='gameManagement.validation.InputValidatorTest.testValidatePlayerNameFalse()'><b>testValidatePlayerNameFalse</b><br>Test class: gameManagement.validation.InputValidatorTest<br>Parameters: aBcD%eFgH</td>
<td></td>
<td>0</td>
<td>gameManagement.validation.InputValidatorTest@4c203ea1</td></tr>
<tr>
<td title='gameManagement.validation.InputValidatorTest.testValidatePlayerNameFalse()'><b>testValidatePlayerNameFalse</b><br>Test class: gameManagement.validation.InputValidatorTest<br>Parameters: f-4-x fdfsdf</td>
<td></td>
<td>0</td>
<td>gameManagement.validation.InputValidatorTest@4c203ea1</td></tr>
<tr>
<td title='gameManagement.validation.InputValidatorTest.testValidatePlayerNameTrue()'><b>testValidatePlayerNameTrue</b><br>Test class: gameManagement.validation.InputValidatorTest<br>Parameters: bartek</td>
<td></td>
<td>0</td>
<td>gameManagement.validation.InputValidatorTest@4c203ea1</td></tr>
<tr>
<td title='gameManagement.validation.InputValidatorTest.testValidatePlayerNameTrue()'><b>testValidatePlayerNameTrue</b><br>Test class: gameManagement.validation.InputValidatorTest<br>Parameters: tomek</td>
<td></td>
<td>0</td>
<td>gameManagement.validation.InputValidatorTest@4c203ea1</td></tr>
<tr>
<td title='gameManagement.validation.InputValidatorTest.testValidatePlayerNameTrue()'><b>testValidatePlayerNameTrue</b><br>Test class: gameManagement.validation.InputValidatorTest<br>Parameters: adam</td>
<td></td>
<td>0</td>
<td>gameManagement.validation.InputValidatorTest@4c203ea1</td></tr>
<tr>
<td title='gameManagement.validation.InputValidatorTest.testValidatePlayerNameTrue()'><b>testValidatePlayerNameTrue</b><br>Test class: gameManagement.validation.InputValidatorTest<br>Parameters: kamil</td>
<td></td>
<td>0</td>
<td>gameManagement.validation.InputValidatorTest@4c203ea1</td></tr>
<tr>
<td title='gameManagement.validation.InputValidatorTest.testValidatePlayerNameTrue()'><b>testValidatePlayerNameTrue</b><br>Test class: gameManagement.validation.InputValidatorTest<br>Parameters: bartek dominika</td>
<td></td>
<td>0</td>
<td>gameManagement.validation.InputValidatorTest@4c203ea1</td></tr>
<tr>
<td title='gameManagement.validation.InputValidatorTest.testValidatePlayerNameTrue()'><b>testValidatePlayerNameTrue</b><br>Test class: gameManagement.validation.InputValidatorTest<br>Parameters: ryszard adam</td>
<td></td>
<td>0</td>
<td>gameManagement.validation.InputValidatorTest@4c203ea1</td></tr>
</table><p>
</body>
</html>